<?xml version="1.0" encoding="UTF-8"?>
<!-- Generated by org.testng.reporters.JUnitXMLReporter -->
<testsuite ignored="0" hostname="Subramanyam" failures="1" tests="5" name="Edge Test" time="44.648" errors="0" timestamp="03 Mar 2022 02:25:58 GMT">
  <testcase classname="com.sample.test.FirstTestNGClass" name="verifyRegPageLanding" time="4.187">
    <failure type="java.lang.AssertionError" message="expected [https://www.westernunion.com/in/en/web/user/regir] but found [https://www.westernunion.com/in/en/web/user/register]">
      <![CDATA[java.lang.AssertionError: expected [https://www.westernunion.com/in/en/web/user/regir] but found [https://www.westernunion.com/in/en/web/user/register]
at com.sample.test.FirstTestNGClass.verifyRegPageLanding(FirstTestNGClass.java:17)
at java.base/java.util.concurrent.FutureTask.run(FutureTask.java:264)
at java.base/java.util.concurrent.ThreadPoolExecutor.runWorker(ThreadPoolExecutor.java:1136)
at java.base/java.util.concurrent.ThreadPoolExecutor$Worker.run(ThreadPoolExecutor.java:635)
at java.base/java.lang.Thread.run(Thread.java:833)
... Removed 22 stack frames]]>
    </failure>
  </testcase> <!-- verifyRegPageLanding -->
  <testcase classname="com.sample.test.FirstTestNGClass" name="enterFirstName" time="0.0">
    <skipped/>
  </testcase> <!-- enterFirstName -->
  <testcase classname="com.sample.test.FirstTestNGClass" name="middleNameField" time="10.805"/>
  <testcase classname="com.sample.test.FirstTestNGClass" name="lastNameField" time="2.17"/>
  <testcase classname="com.sample.test.FirstTestNGClass" name="dobField" time="2.915"/>
</testsuite> <!-- Edge Test -->
