<?xml version="1.0" encoding="UTF-8"?>
<!-- Generated by org.testng.reporters.JUnitXMLReporter -->
<testsuite ignored="3" hostname="Subramanyam" failures="1" tests="2" name="Chrome Test(failed)" time="33.293" errors="0" timestamp="03 Mar 2022 02:28:30 GMT">
  <testcase classname="com.sample.test.FirstTestNGClass" name="verifyRegPageLanding" time="5.545">
    <failure type="java.lang.AssertionError" message="expected [https://www.westernunion.com/in/en/web/user/regir] but found [https://www.westernunion.com/in/en/web/user/register]">
      <![CDATA[java.lang.AssertionError: expected [https://www.westernunion.com/in/en/web/user/regir] but found [https://www.westernunion.com/in/en/web/user/register]
at com.sample.test.FirstTestNGClass.verifyRegPageLanding(FirstTestNGClass.java:17)
at java.base/java.util.concurrent.FutureTask.run(FutureTask.java:264)
at java.base/java.util.concurrent.ThreadPoolExecutor.runWorker(ThreadPoolExecutor.java:1136)
at java.base/java.util.concurrent.ThreadPoolExecutor$Worker.run(ThreadPoolExecutor.java:635)
at java.base/java.lang.Thread.run(Thread.java:833)
... Removed 22 stack frames]]>
    </failure>
  </testcase> <!-- verifyRegPageLanding -->
  <testcase classname="com.sample.test.FirstTestNGClass" name="enterFirstName" time="0.0">
    <skipped/>
  </testcase> <!-- enterFirstName -->
  <testcase classname="com.sample.test.FirstTestNGClass" name="lastNameField" time="0.0">
    <ignored/>
  </testcase> <!-- lastNameField -->
  <testcase classname="com.sample.test.FirstTestNGClass" name="dobField" time="0.0">
    <ignored/>
  </testcase> <!-- dobField -->
  <testcase classname="com.sample.test.FirstTestNGClass" name="middleNameField" time="0.0">
    <ignored/>
  </testcase> <!-- middleNameField -->
</testsuite> <!-- Chrome Test(failed) -->
